1608890343460	mozrunner::runner	INFO	Running command: "/Applications/Firefox.app/Contents/MacOS/firefox-bin" "-marionette" "-foreground" "-no-remote" "-profile" "/var/folders/1f/7zs79q6j4pq_nrtq2qp7j06h0000gn/T/rust_mozprofileclZaWb"
console.warn: SearchSettings: "get: No settings file exists, new profile?" (new Error("", "(unknown module)"))
1608890353801	Marionette	INFO	Listening on port 58724
1608890353948	Marionette	WARN	TLS certificate errors will be ignored for this session
1608890360173	Marionette	INFO	Stopped listening on port 58724

###!!! [Parent][MessageChannel] Error: (msgtype=0x1F0011,name=PBackgroundStorage::Msg_Observe) Channel error: cannot send/recv


###!!! [Parent][MessageChannel] Error: (msgtype=0x1F0011,name=PBackgroundStorage::Msg_Observe) Channel error: cannot send/recv


###!!! [Parent][RunMessage] Error: Channel closing: too late to send/recv, messages will be lost

1608890393447	mozrunner::runner	INFO	Running command: "/Applications/Firefox.app/Contents/MacOS/firefox-bin" "-marionette" "-foreground" "-no-remote" "-profile" "/var/folders/1f/7zs79q6j4pq_nrtq2qp7j06h0000gn/T/rust_mozprofile8sV8vm"
console.warn: SearchSettings: "get: No settings file exists, new profile?" (new Error("", "(unknown module)"))
1608890397998	Marionette	INFO	Listening on port 58918
1608890398115	Marionette	WARN	TLS certificate errors will be ignored for this session
1608890401945	Marionette	INFO	Stopped listening on port 58918

###!!! [Parent][RunMessage] Error: Channel closing: too late to send/recv, messages will be lost

1608891781442	mozrunner::runner	INFO	Running command: "/Applications/Firefox.app/Contents/MacOS/firefox-bin" "-marionette" "-foreground" "-no-remote" "-profile" "/var/folders/1f/7zs79q6j4pq_nrtq2qp7j06h0000gn/T/rust_mozprofileYy6yfF"
console.warn: SearchSettings: "get: No settings file exists, new profile?" (new Error("", "(unknown module)"))
1608891791687	Marionette	INFO	Listening on port 59303
1608891791885	Marionette	WARN	TLS certificate errors will be ignored for this session
1608891798163	Marionette	INFO	Stopped listening on port 59303

###!!! [Parent][MessageChannel] Error: (msgtype=0x1F0011,name=PBackgroundStorage::Msg_Observe) Channel error: cannot send/recv


###!!! [Parent][MessageChannel] Error: (msgtype=0x1F0011,name=PBackgroundStorage::Msg_Observe) Channel error: cannot send/recv


###!!! [Parent][RunMessage] Error: Channel closing: too late to send/recv, messages will be lost

1608895868265	mozrunner::runner	INFO	Running command: "/Applications/Firefox.app/Contents/MacOS/firefox-bin" "-marionette" "-foreground" "-no-remote" "-profile" "/var/folders/1f/7zs79q6j4pq_nrtq2qp7j06h0000gn/T/rust_mozprofilebw3N5N"
console.warn: SearchSettings: "get: No settings file exists, new profile?" (new Error("", "(unknown module)"))
1608895878023	Marionette	INFO	Listening on port 61138
1608895878129	Marionette	WARN	TLS certificate errors will be ignored for this session
1608895883755	Marionette	INFO	Stopped listening on port 61138

###!!! [Parent][RunMessage] Error: Channel closing: too late to send/recv, messages will be lost

1608965427778	mozrunner::runner	INFO	Running command: "/Applications/Firefox.app/Contents/MacOS/firefox-bin" "-marionette" "-foreground" "-no-remote" "-profile" "/var/folders/1f/7zs79q6j4pq_nrtq2qp7j06h0000gn/T/rust_mozprofilenmap44"
console.warn: SearchSettings: "get: No settings file exists, new profile?" (new Error("", "(unknown module)"))
1608965437495	Marionette	INFO	Listening on port 52150
1608965437647	Marionette	WARN	TLS certificate errors will be ignored for this session
1608965446908	Marionette	INFO	Stopped listening on port 52150

###!!! [Parent][RunMessage] Error: Channel closing: too late to send/recv, messages will be lost

1608999518341	mozrunner::runner	INFO	Running command: "/Applications/Firefox.app/Contents/MacOS/firefox-bin" "-marionette" "-foreground" "-no-remote" "-profile" "/var/folders/1f/7zs79q6j4pq_nrtq2qp7j06h0000gn/T/rust_mozprofile302hNK"
console.warn: SearchSettings: "get: No settings file exists, new profile?" (new Error("", "(unknown module)"))
1608999528617	Marionette	INFO	Listening on port 54100
1608999528763	Marionette	WARN	TLS certificate errors will be ignored for this session
1608999534157	Marionette	INFO	Stopped listening on port 54100

###!!! [Parent][RunMessage] Error: Channel closing: too late to send/recv, messages will be lost

1609003833016	mozrunner::runner	INFO	Running command: "/Applications/Firefox.app/Contents/MacOS/firefox-bin" "-marionette" "-foreground" "-no-remote" "-profile" "/var/folders/1f/7zs79q6j4pq_nrtq2qp7j06h0000gn/T/rust_mozprofile2wTLZQ"
console.warn: SearchSettings: "get: No settings file exists, new profile?" (new Error("", "(unknown module)"))
1609003843767	Marionette	INFO	Listening on port 54631
1609003843937	Marionette	WARN	TLS certificate errors will be ignored for this session
1609003849313	Marionette	INFO	Stopped listening on port 54631

###!!! [Parent][RunMessage] Error: Channel closing: too late to send/recv, messages will be lost

1609005754796	mozrunner::runner	INFO	Running command: "/Applications/Firefox.app/Contents/MacOS/firefox-bin" "-marionette" "-foreground" "-no-remote" "-profile" "/var/folders/1f/7zs79q6j4pq_nrtq2qp7j06h0000gn/T/rust_mozprofiley18XhA"
console.warn: SearchSettings: "get: No settings file exists, new profile?" (new Error("", "(unknown module)"))
1609005764081	Marionette	INFO	Listening on port 54934
1609005764184	Marionette	WARN	TLS certificate errors will be ignored for this session
1609005770608	Marionette	INFO	Stopped listening on port 54934

###!!! [Parent][RunMessage] Error: Channel closing: too late to send/recv, messages will be lost

1609006465242	mozrunner::runner	INFO	Running command: "/Applications/Firefox.app/Contents/MacOS/firefox-bin" "-marionette" "-foreground" "-no-remote" "-profile" "/var/folders/1f/7zs79q6j4pq_nrtq2qp7j06h0000gn/T/rust_mozprofileG0LlHk"
console.warn: SearchSettings: "get: No settings file exists, new profile?" (new Error("", "(unknown module)"))
1609006475401	Marionette	INFO	Listening on port 55273
1609006475552	Marionette	WARN	TLS certificate errors will be ignored for this session
1609006481586	Marionette	INFO	Stopped listening on port 55273

###!!! [Parent][RunMessage] Error: Channel closing: too late to send/recv, messages will be lost

1609053072799	mozrunner::runner	INFO	Running command: "/Applications/Firefox.app/Contents/MacOS/firefox-bin" "-marionette" "-foreground" "-no-remote" "-profile" "/var/folders/1f/7zs79q6j4pq_nrtq2qp7j06h0000gn/T/rust_mozprofileZ2Nc4b"
console.warn: SearchSettings: "get: No settings file exists, new profile?" (new Error("", "(unknown module)"))
1609053083329	Marionette	INFO	Listening on port 56552
1609053083459	Marionette	WARN	TLS certificate errors will be ignored for this session
1609053088466	Marionette	INFO	Stopped listening on port 56552

###!!! [Parent][RunMessage] Error: Channel closing: too late to send/recv, messages will be lost

1609053741686	mozrunner::runner	INFO	Running command: "/Applications/Firefox.app/Contents/MacOS/firefox-bin" "-marionette" "-foreground" "-no-remote" "-profile" "/var/folders/1f/7zs79q6j4pq_nrtq2qp7j06h0000gn/T/rust_mozprofile5qJrHC"
console.warn: SearchSettings: "get: No settings file exists, new profile?" (new Error("", "(unknown module)"))
1609053751207	Marionette	INFO	Listening on port 56905
1609053751340	Marionette	WARN	TLS certificate errors will be ignored for this session
1609053755990	Marionette	INFO	Stopped listening on port 56905

###!!! [Parent][RunMessage] Error: Channel closing: too late to send/recv, messages will be lost

1609055323024	mozrunner::runner	INFO	Running command: "/Applications/Firefox.app/Contents/MacOS/firefox-bin" "-marionette" "-foreground" "-no-remote" "-profile" "/var/folders/1f/7zs79q6j4pq_nrtq2qp7j06h0000gn/T/rust_mozprofilePNIsQY"
console.warn: SearchSettings: "get: No settings file exists, new profile?" (new Error("", "(unknown module)"))
1609055332057	Marionette	INFO	Listening on port 57339
1609055332133	Marionette	WARN	TLS certificate errors will be ignored for this session
1609055337082	Marionette	INFO	Stopped listening on port 57339

###!!! [Parent][MessageChannel] Error: (msgtype=0x1F0011,name=PBackgroundStorage::Msg_Observe) Channel error: cannot send/recv


###!!! [Parent][MessageChannel] Error: (msgtype=0x1F0011,name=PBackgroundStorage::Msg_Observe) Channel error: cannot send/recv


###!!! [Parent][RunMessage] Error: Channel closing: too late to send/recv, messages will be lost

1609057734039	mozrunner::runner	INFO	Running command: "/Applications/Firefox.app/Contents/MacOS/firefox-bin" "-marionette" "-foreground" "-no-remote" "-profile" "/var/folders/1f/7zs79q6j4pq_nrtq2qp7j06h0000gn/T/rust_mozprofileWv20ln"
console.warn: SearchSettings: "get: No settings file exists, new profile?" (new Error("", "(unknown module)"))
1609057743766	Marionette	INFO	Listening on port 57610
1609057743934	Marionette	WARN	TLS certificate errors will be ignored for this session
1609057749029	Marionette	INFO	Stopped listening on port 57610

###!!! [Parent][RunMessage] Error: Channel closing: too late to send/recv, messages will be lost

1609058092556	mozrunner::runner	INFO	Running command: "/Applications/Firefox.app/Contents/MacOS/firefox-bin" "-marionette" "-foreground" "-no-remote" "-profile" "/var/folders/1f/7zs79q6j4pq_nrtq2qp7j06h0000gn/T/rust_mozprofileZqvkSo"
console.warn: SearchSettings: "get: No settings file exists, new profile?" (new Error("", "(unknown module)"))
1609058102738	Marionette	INFO	Listening on port 57877
1609058102858	Marionette	WARN	TLS certificate errors will be ignored for this session
1609058107947	Marionette	INFO	Stopped listening on port 57877

###!!! [Parent][RunMessage] Error: Channel closing: too late to send/recv, messages will be lost

1609058187475	mozrunner::runner	INFO	Running command: "/Applications/Firefox.app/Contents/MacOS/firefox-bin" "-marionette" "-foreground" "-no-remote" "-profile" "/var/folders/1f/7zs79q6j4pq_nrtq2qp7j06h0000gn/T/rust_mozprofile7h5p6m"
console.warn: SearchSettings: "get: No settings file exists, new profile?" (new Error("", "(unknown module)"))
1609058193110	Marionette	INFO	Listening on port 58078
1609058193213	Marionette	WARN	TLS certificate errors will be ignored for this session
1609058197359	Marionette	INFO	Stopped listening on port 58078

###!!! [Parent][RunMessage] Error: Channel closing: too late to send/recv, messages will be lost

1609092517307	mozrunner::runner	INFO	Running command: "/Applications/Firefox.app/Contents/MacOS/firefox-bin" "-marionette" "-foreground" "-no-remote" "-profile" "/var/folders/1f/7zs79q6j4pq_nrtq2qp7j06h0000gn/T/rust_mozprofileBodfUb"
console.warn: SearchSettings: "get: No settings file exists, new profile?" (new Error("", "(unknown module)"))
1609092527460	Marionette	INFO	Listening on port 59162
1609092527593	Marionette	WARN	TLS certificate errors will be ignored for this session
1609092534990	Marionette	INFO	Stopped listening on port 59162

###!!! [Parent][RunMessage] Error: Channel closing: too late to send/recv, messages will be lost

1609093354534	mozrunner::runner	INFO	Running command: "/Applications/Firefox.app/Contents/MacOS/firefox-bin" "-marionette" "-foreground" "-no-remote" "-profile" "/var/folders/1f/7zs79q6j4pq_nrtq2qp7j06h0000gn/T/rust_mozprofilefd6V21"
console.warn: SearchSettings: "get: No settings file exists, new profile?" (new Error("", "(unknown module)"))
1609093363530	Marionette	INFO	Listening on port 59527
1609093363643	Marionette	WARN	TLS certificate errors will be ignored for this session
1609093370372	Marionette	INFO	Stopped listening on port 59527

###!!! [Parent][RunMessage] Error: Channel closing: too late to send/recv, messages will be lost

1609094979856	mozrunner::runner	INFO	Running command: "/Applications/Firefox.app/Contents/MacOS/firefox-bin" "-marionette" "-foreground" "-no-remote" "-profile" "/var/folders/1f/7zs79q6j4pq_nrtq2qp7j06h0000gn/T/rust_mozprofileNegKWX"
console.warn: SearchSettings: "get: No settings file exists, new profile?" (new Error("", "(unknown module)"))
1609094988287	Marionette	INFO	Listening on port 60208
1609094988390	Marionette	WARN	TLS certificate errors will be ignored for this session
1609094993897	Marionette	INFO	Stopped listening on port 60208

###!!! [Parent][MessageChannel] Error: (msgtype=0x1F0011,name=PBackgroundStorage::Msg_Observe) Channel error: cannot send/recv


###!!! [Parent][MessageChannel] Error: (msgtype=0x1F0011,name=PBackgroundStorage::Msg_Observe) Channel error: cannot send/recv


###!!! [Parent][RunMessage] Error: Channel closing: too late to send/recv, messages will be lost

1609095033189	mozrunner::runner	INFO	Running command: "/Applications/Firefox.app/Contents/MacOS/firefox-bin" "-marionette" "-foreground" "-no-remote" "-profile" "/var/folders/1f/7zs79q6j4pq_nrtq2qp7j06h0000gn/T/rust_mozprofileqNqjqV"
console.warn: SearchSettings: "get: No settings file exists, new profile?" (new Error("", "(unknown module)"))
1609095036898	Marionette	INFO	Listening on port 60385
1609095037074	Marionette	WARN	TLS certificate errors will be ignored for this session
1609095041503	Marionette	INFO	Stopped listening on port 60385
1609095188840	mozrunner::runner	INFO	Running command: "/Applications/Firefox.app/Contents/MacOS/firefox-bin" "-marionette" "-foreground" "-no-remote" "-profile" "/var/folders/1f/7zs79q6j4pq_nrtq2qp7j06h0000gn/T/rust_mozprofileKqDLaf"
console.warn: SearchSettings: "get: No settings file exists, new profile?" (new Error("", "(unknown module)"))
1609095198792	Marionette	INFO	Listening on port 60567
1609095198933	Marionette	WARN	TLS certificate errors will be ignored for this session
1609095204750	Marionette	INFO	Stopped listening on port 60567

###!!! [Parent][RunMessage] Error: Channel closing: too late to send/recv, messages will be lost

1609096709076	mozrunner::runner	INFO	Running command: "/Applications/Firefox.app/Contents/MacOS/firefox-bin" "-marionette" "-foreground" "-no-remote" "-profile" "/var/folders/1f/7zs79q6j4pq_nrtq2qp7j06h0000gn/T/rust_mozprofileClmR4X"
console.warn: SearchSettings: "get: No settings file exists, new profile?" (new Error("", "(unknown module)"))
1609096717449	Marionette	INFO	Listening on port 61010
1609096717541	Marionette	WARN	TLS certificate errors will be ignored for this session
1609096725569	Marionette	INFO	Stopped listening on port 61010
JavaScript error: resource://gre/modules/UrlClassifierListManager.jsm, line 691: TypeError: this.tablesData[table] is undefined

###!!! [Parent][RunMessage] Error: Channel closing: too late to send/recv, messages will be lost

1609139748221	mozrunner::runner	INFO	Running command: "/Applications/Firefox.app/Contents/MacOS/firefox-bin" "-marionette" "-foreground" "-no-remote" "-profile" "/var/folders/1f/7zs79q6j4pq_nrtq2qp7j06h0000gn/T/rust_mozprofilePFPoVA"
console.warn: SearchSettings: "get: No settings file exists, new profile?" (new Error("", "(unknown module)"))
1609139758106	Marionette	INFO	Listening on port 65432
1609139758217	Marionette	WARN	TLS certificate errors will be ignored for this session
1609139758433	Marionette	INFO	Stopped listening on port 65432
JavaScript error: resource://activity-stream/lib/ASRouter.jsm, line 987: NS_ERROR_ILLEGAL_VALUE: Component returned failure code: 0x80070057 (NS_ERROR_ILLEGAL_VALUE) [nsIObserverService.removeObserver]

###!!! [Parent][RunMessage] Error: Channel closing: too late to send/recv, messages will be lost

1609139811970	mozrunner::runner	INFO	Running command: "/Applications/Firefox.app/Contents/MacOS/firefox-bin" "-marionette" "-foreground" "-no-remote" "-profile" "/var/folders/1f/7zs79q6j4pq_nrtq2qp7j06h0000gn/T/rust_mozprofileZz3DII"
console.warn: SearchSettings: "get: No settings file exists, new profile?" (new Error("", "(unknown module)"))
1609139817026	Marionette	INFO	Listening on port 49188
1609139817066	Marionette	WARN	TLS certificate errors will be ignored for this session
1609139817178	Marionette	INFO	Stopped listening on port 49188
JavaScript error: resource://activity-stream/lib/ASRouter.jsm, line 987: NS_ERROR_ILLEGAL_VALUE: Component returned failure code: 0x80070057 (NS_ERROR_ILLEGAL_VALUE) [nsIObserverService.removeObserver]
1609140704521	mozrunner::runner	INFO	Running command: "/Applications/Firefox.app/Contents/MacOS/firefox-bin" "-marionette" "-foreground" "-no-remote" "-profile" "/var/folders/1f/7zs79q6j4pq_nrtq2qp7j06h0000gn/T/rust_mozprofileUtxbNO"
console.warn: SearchSettings: "get: No settings file exists, new profile?" (new Error("", "(unknown module)"))
1609140714127	Marionette	INFO	Listening on port 49694
1609140714287	Marionette	WARN	TLS certificate errors will be ignored for this session
1609140719931	Marionette	INFO	Stopped listening on port 49694

###!!! [Parent][RunMessage] Error: Channel closing: too late to send/recv, messages will be lost

1609141791691	mozrunner::runner	INFO	Running command: "/Applications/Firefox.app/Contents/MacOS/firefox-bin" "-marionette" "-foreground" "-no-remote" "-profile" "/var/folders/1f/7zs79q6j4pq_nrtq2qp7j06h0000gn/T/rust_mozprofileyJg3PY"
console.warn: SearchSettings: "get: No settings file exists, new profile?" (new Error("", "(unknown module)"))
1609141799231	Marionette	INFO	Listening on port 50146
1609141799353	Marionette	WARN	TLS certificate errors will be ignored for this session
1609141803810	Marionette	INFO	Stopped listening on port 50146

###!!! [Parent][RunMessage] Error: Channel closing: too late to send/recv, messages will be lost

1609141822162	mozrunner::runner	INFO	Running command: "/Applications/Firefox.app/Contents/MacOS/firefox-bin" "-marionette" "-foreground" "-no-remote" "-profile" "/var/folders/1f/7zs79q6j4pq_nrtq2qp7j06h0000gn/T/rust_mozprofileNOEGcm"
console.warn: SearchSettings: "get: No settings file exists, new profile?" (new Error("", "(unknown module)"))
1609141826230	Marionette	INFO	Listening on port 50303
1609141826317	Marionette	WARN	TLS certificate errors will be ignored for this session
1609141826530	Marionette	INFO	Stopped listening on port 50303
JavaScript error: resource://activity-stream/lib/ASRouter.jsm, line 987: NS_ERROR_ILLEGAL_VALUE: Component returned failure code: 0x80070057 (NS_ERROR_ILLEGAL_VALUE) [nsIObserverService.removeObserver]

###!!! [Parent][RunMessage] Error: Channel closing: too late to send/recv, messages will be lost

1609142852808	mozrunner::runner	INFO	Running command: "/Applications/Firefox.app/Contents/MacOS/firefox-bin" "-marionette" "-foreground" "-no-remote" "-profile" "/var/folders/1f/7zs79q6j4pq_nrtq2qp7j06h0000gn/T/rust_mozprofileHMU860"
console.warn: SearchSettings: "get: No settings file exists, new profile?" (new Error("", "(unknown module)"))
1609142860790	Marionette	INFO	Listening on port 50760
1609142860949	Marionette	WARN	TLS certificate errors will be ignored for this session
1609142865867	Marionette	INFO	Stopped listening on port 50760

###!!! [Parent][RunMessage] Error: Channel closing: too late to send/recv, messages will be lost

1609171113811	mozrunner::runner	INFO	Running command: "/Applications/Firefox.app/Contents/MacOS/firefox-bin" "-marionette" "-foreground" "-no-remote" "-profile" "/var/folders/1f/7zs79q6j4pq_nrtq2qp7j06h0000gn/T/rust_mozprofileLmQlwD"
console.warn: SearchSettings: "get: No settings file exists, new profile?" (new Error("", "(unknown module)"))
1609171123978	Marionette	INFO	Listening on port 54467
1609171124097	Marionette	WARN	TLS certificate errors will be ignored for this session
1609171129365	Marionette	INFO	Stopped listening on port 54467

###!!! [Parent][RunMessage] Error: Channel closing: too late to send/recv, messages will be lost

1609226539258	mozrunner::runner	INFO	Running command: "/Applications/Firefox.app/Contents/MacOS/firefox-bin" "-marionette" "-foreground" "-no-remote" "-profile" "/var/folders/1f/7zs79q6j4pq_nrtq2qp7j06h0000gn/T/rust_mozprofileZJ74cO"
console.warn: SearchSettings: "get: No settings file exists, new profile?" (new Error("", "(unknown module)"))
1609226549584	Marionette	INFO	Listening on port 59083
1609226549678	Marionette	WARN	TLS certificate errors will be ignored for this session
1609226555277	Marionette	INFO	Stopped listening on port 59083

###!!! [Parent][MessageChannel] Error: (msgtype=0x1F0011,name=PBackgroundStorage::Msg_Observe) Channel error: cannot send/recv


###!!! [Parent][MessageChannel] Error: (msgtype=0x1F0011,name=PBackgroundStorage::Msg_Observe) Channel error: cannot send/recv


###!!! [Parent][RunMessage] Error: Channel closing: too late to send/recv, messages will be lost

1609226984629	mozrunner::runner	INFO	Running command: "/Applications/Firefox.app/Contents/MacOS/firefox-bin" "-marionette" "-foreground" "-no-remote" "-profile" "/var/folders/1f/7zs79q6j4pq_nrtq2qp7j06h0000gn/T/rust_mozprofile7eBqPb"
console.warn: SearchSettings: "get: No settings file exists, new profile?" (new Error("", "(unknown module)"))
1609226994360	Marionette	INFO	Listening on port 59848
1609226994476	Marionette	WARN	TLS certificate errors will be ignored for this session
1609227001217	Marionette	INFO	Stopped listening on port 59848

###!!! [Parent][RunMessage] Error: Channel closing: too late to send/recv, messages will be lost

1609227337557	mozrunner::runner	INFO	Running command: "/Applications/Firefox.app/Contents/MacOS/firefox-bin" "-marionette" "-foreground" "-no-remote" "-profile" "/var/folders/1f/7zs79q6j4pq_nrtq2qp7j06h0000gn/T/rust_mozprofile6Oko9g"
console.warn: SearchSettings: "get: No settings file exists, new profile?" (new Error("", "(unknown module)"))
1609227346086	Marionette	INFO	Listening on port 60409
1609227346185	Marionette	WARN	TLS certificate errors will be ignored for this session
1609227351174	Marionette	INFO	Stopped listening on port 60409

###!!! [Parent][MessageChannel] Error: (msgtype=0x1F0011,name=PBackgroundStorage::Msg_Observe) Channel error: cannot send/recv


###!!! [Parent][MessageChannel] Error: (msgtype=0x1F0011,name=PBackgroundStorage::Msg_Observe) Channel error: cannot send/recv


###!!! [Parent][RunMessage] Error: Channel closing: too late to send/recv, messages will be lost

1609227421225	mozrunner::runner	INFO	Running command: "/Applications/Firefox.app/Contents/MacOS/firefox-bin" "-marionette" "-foreground" "-no-remote" "-profile" "/var/folders/1f/7zs79q6j4pq_nrtq2qp7j06h0000gn/T/rust_mozprofile57L334"
console.warn: SearchSettings: "get: No settings file exists, new profile?" (new Error("", "(unknown module)"))
1609227425682	Marionette	INFO	Listening on port 60667
1609227425718	Marionette	WARN	TLS certificate errors will be ignored for this session
1609227430930	Marionette	INFO	Stopped listening on port 60667
1609227753999	mozrunner::runner	INFO	Running command: "/Applications/Firefox.app/Contents/MacOS/firefox-bin" "-marionette" "-foreground" "-no-remote" "-profile" "/var/folders/1f/7zs79q6j4pq_nrtq2qp7j06h0000gn/T/rust_mozprofile5Hsziu"
console.warn: SearchSettings: "get: No settings file exists, new profile?" (new Error("", "(unknown module)"))
1609227762739	Marionette	INFO	Listening on port 61152
1609227762927	Marionette	WARN	TLS certificate errors will be ignored for this session
1609227769069	Marionette	INFO	Stopped listening on port 61152

###!!! [Parent][RunMessage] Error: Channel closing: too late to send/recv, messages will be lost

1609227783125	mozrunner::runner	INFO	Running command: "/Applications/Firefox.app/Contents/MacOS/firefox-bin" "-marionette" "-foreground" "-no-remote" "-profile" "/var/folders/1f/7zs79q6j4pq_nrtq2qp7j06h0000gn/T/rust_mozprofilerGbuNr"
console.warn: SearchSettings: "get: No settings file exists, new profile?" (new Error("", "(unknown module)"))
1609227787141	Marionette	INFO	Listening on port 61356
1609227787300	Marionette	WARN	TLS certificate errors will be ignored for this session
1609227791400	Marionette	INFO	Stopped listening on port 61356
1609227843822	mozrunner::runner	INFO	Running command: "/Applications/Firefox.app/Contents/MacOS/firefox-bin" "-marionette" "-foreground" "-no-remote" "-profile" "/var/folders/1f/7zs79q6j4pq_nrtq2qp7j06h0000gn/T/rust_mozprofileMCRSZy"
console.warn: SearchSettings: "get: No settings file exists, new profile?" (new Error("", "(unknown module)"))
1609227849143	Marionette	INFO	Listening on port 61550
1609227849202	Marionette	WARN	TLS certificate errors will be ignored for this session
1609227854247	Marionette	INFO	Stopped listening on port 61550
1609228050348	mozrunner::runner	INFO	Running command: "/Applications/Firefox.app/Contents/MacOS/firefox-bin" "-marionette" "-foreground" "-no-remote" "-profile" "/var/folders/1f/7zs79q6j4pq_nrtq2qp7j06h0000gn/T/rust_mozprofile4KfSBA"
console.warn: SearchSettings: "get: No settings file exists, new profile?" (new Error("", "(unknown module)"))
1609228059540	Marionette	INFO	Listening on port 61916
1609228059729	Marionette	WARN	TLS certificate errors will be ignored for this session
1609228065132	Marionette	INFO	Stopped listening on port 61916

###!!! [Parent][RunMessage] Error: Channel closing: too late to send/recv, messages will be lost

1609228632414	mozrunner::runner	INFO	Running command: "/Applications/Firefox.app/Contents/MacOS/firefox-bin" "-marionette" "-foreground" "-no-remote" "-profile" "/var/folders/1f/7zs79q6j4pq_nrtq2qp7j06h0000gn/T/rust_mozprofilegjHb1N"
console.warn: SearchSettings: "get: No settings file exists, new profile?" (new Error("", "(unknown module)"))
1609228641325	Marionette	INFO	Listening on port 62710
1609228641451	Marionette	WARN	TLS certificate errors will be ignored for this session
1609228647456	Marionette	INFO	Stopped listening on port 62710

###!!! [Parent][RunMessage] Error: Channel closing: too late to send/recv, messages will be lost

1609228758691	mozrunner::runner	INFO	Running command: "/Applications/Firefox.app/Contents/MacOS/firefox-bin" "-marionette" "-foreground" "-no-remote" "-profile" "/var/folders/1f/7zs79q6j4pq_nrtq2qp7j06h0000gn/T/rust_mozprofilej3JZuj"
console.warn: SearchSettings: "get: No settings file exists, new profile?" (new Error("", "(unknown module)"))
1609228767407	Marionette	INFO	Listening on port 63025
1609228767549	Marionette	WARN	TLS certificate errors will be ignored for this session
1609228773701	Marionette	INFO	Stopped listening on port 63025

###!!! [Parent][RunMessage] Error: Channel closing: too late to send/recv, messages will be lost

1609228812511	mozrunner::runner	INFO	Running command: "/Applications/Firefox.app/Contents/MacOS/firefox-bin" "-marionette" "-foreground" "-no-remote" "-profile" "/var/folders/1f/7zs79q6j4pq_nrtq2qp7j06h0000gn/T/rust_mozprofiley4GW5y"
console.warn: SearchSettings: "get: No settings file exists, new profile?" (new Error("", "(unknown module)"))
1609228816467	Marionette	INFO	Listening on port 63256
1609228816592	Marionette	WARN	TLS certificate errors will be ignored for this session
1609228822822	Marionette	INFO	Stopped listening on port 63256

###!!! [Parent][RunMessage] Error: Channel closing: too late to send/recv, messages will be lost

1609229511102	mozrunner::runner	INFO	Running command: "/Applications/Firefox.app/Contents/MacOS/firefox-bin" "-marionette" "-foreground" "-no-remote" "-profile" "/var/folders/1f/7zs79q6j4pq_nrtq2qp7j06h0000gn/T/rust_mozprofile5QPbmF"
console.warn: SearchSettings: "get: No settings file exists, new profile?" (new Error("", "(unknown module)"))
1609229519567	Marionette	INFO	Listening on port 64132
1609229519673	Marionette	WARN	TLS certificate errors will be ignored for this session
1609229524981	Marionette	INFO	Stopped listening on port 64132

###!!! [Parent][MessageChannel] Error: (msgtype=0x1F0011,name=PBackgroundStorage::Msg_Observe) Channel error: cannot send/recv


###!!! [Parent][MessageChannel] Error: (msgtype=0x1F0011,name=PBackgroundStorage::Msg_Observe) Channel error: cannot send/recv


###!!! [Parent][RunMessage] Error: Channel closing: too late to send/recv, messages will be lost

1609318470675	mozrunner::runner	INFO	Running command: "/Applications/Firefox.app/Contents/MacOS/firefox-bin" "-marionette" "-foreground" "-no-remote" "-profile" "/var/folders/1f/7zs79q6j4pq_nrtq2qp7j06h0000gn/T/rust_mozprofileiVAiV9"
console.warn: SearchSettings: "get: No settings file exists, new profile?" (new Error("", "(unknown module)"))
1609318482236	Marionette	INFO	Listening on port 62553
1609318482380	Marionette	WARN	TLS certificate errors will be ignored for this session
1609318488001	Marionette	INFO	Stopped listening on port 62553

###!!! [Parent][RunMessage] Error: Channel closing: too late to send/recv, messages will be lost

1609321727239	mozrunner::runner	INFO	Running command: "/Applications/Firefox.app/Contents/MacOS/firefox-bin" "-marionette" "-foreground" "-no-remote" "-profile" "/var/folders/1f/7zs79q6j4pq_nrtq2qp7j06h0000gn/T/rust_mozprofileqmHOdw"
console.warn: SearchSettings: "get: No settings file exists, new profile?" (new Error("", "(unknown module)"))
1609321745190	Marionette	INFO	Listening on port 63382
1609321745717	Marionette	WARN	TLS certificate errors will be ignored for this session
1609321759709	Marionette	INFO	Stopped listening on port 63382

###!!! [Parent][MessageChannel] Error: (msgtype=0x1F0011,name=PBackgroundStorage::Msg_Observe) Channel error: cannot send/recv


###!!! [Parent][MessageChannel] Error: (msgtype=0x1F0011,name=PBackgroundStorage::Msg_Observe) Channel error: cannot send/recv


###!!! [Parent][RunMessage] Error: Channel closing: too late to send/recv, messages will be lost

1609335445867	mozrunner::runner	INFO	Running command: "/Applications/Firefox.app/Contents/MacOS/firefox-bin" "-marionette" "-foreground" "-no-remote" "-profile" "/var/folders/1f/7zs79q6j4pq_nrtq2qp7j06h0000gn/T/rust_mozprofile5NOb7X"
console.warn: SearchSettings: "get: No settings file exists, new profile?" (new Error("", "(unknown module)"))
1609335455953	Marionette	INFO	Listening on port 65438
1609335456072	Marionette	WARN	TLS certificate errors will be ignored for this session
1609335461560	Marionette	INFO	Stopped listening on port 65438

###!!! [Parent][RunMessage] Error: Channel closing: too late to send/recv, messages will be lost

1609335490068	mozrunner::runner	INFO	Running command: "/Applications/Firefox.app/Contents/MacOS/firefox-bin" "-marionette" "-foreground" "-no-remote" "-profile" "/var/folders/1f/7zs79q6j4pq_nrtq2qp7j06h0000gn/T/rust_mozprofile4hu7xi"
console.warn: SearchSettings: "get: No settings file exists, new profile?" (new Error("", "(unknown module)"))
1609335494686	Marionette	INFO	Listening on port 49244
1609335494794	Marionette	WARN	TLS certificate errors will be ignored for this session
1609335499149	Marionette	INFO	Stopped listening on port 49244
1609337833783	mozrunner::runner	INFO	Running command: "/Applications/Firefox.app/Contents/MacOS/firefox-bin" "-marionette" "-foreground" "-no-remote" "-profile" "/var/folders/1f/7zs79q6j4pq_nrtq2qp7j06h0000gn/T/rust_mozprofileu09zrZ"
console.warn: SearchSettings: "get: No settings file exists, new profile?" (new Error("", "(unknown module)"))
1609337842686	Marionette	INFO	Listening on port 50328
1609337842765	Marionette	WARN	TLS certificate errors will be ignored for this session
1609337847778	Marionette	INFO	Stopped listening on port 50328

###!!! [Parent][RunMessage] Error: Channel closing: too late to send/recv, messages will be lost

1609658713922	mozrunner::runner	INFO	Running command: "/Applications/Firefox.app/Contents/MacOS/firefox-bin" "-marionette" "-foreground" "-no-remote" "-profile" "/var/folders/1f/7zs79q6j4pq_nrtq2qp7j06h0000gn/T/rust_mozprofilekk9n2C"
console.warn: SearchSettings: "get: No settings file exists, new profile?" (new Error("", "(unknown module)"))
1609658723958	Marionette	INFO	Listening on port 61009
1609658724148	Marionette	WARN	TLS certificate errors will be ignored for this session
1609658731500	Marionette	INFO	Stopped listening on port 61009

###!!! [Parent][RunMessage] Error: Channel closing: too late to send/recv, messages will be lost

1609663161661	mozrunner::runner	INFO	Running command: "/Applications/Firefox.app/Contents/MacOS/firefox-bin" "-marionette" "-foreground" "-no-remote" "-profile" "/var/folders/1f/7zs79q6j4pq_nrtq2qp7j06h0000gn/T/rust_mozprofileOlfYka"
console.warn: SearchSettings: "get: No settings file exists, new profile?" (new Error("", "(unknown module)"))
1609663172539	Marionette	INFO	Listening on port 63057
1609663172678	Marionette	WARN	TLS certificate errors will be ignored for this session
1609663178544	Marionette	INFO	Stopped listening on port 63057

###!!! [Parent][RunMessage] Error: Channel closing: too late to send/recv, messages will be lost

1609663275755	mozrunner::runner	INFO	Running command: "/Applications/Firefox.app/Contents/MacOS/firefox-bin" "-marionette" "-foreground" "-no-remote" "-profile" "/var/folders/1f/7zs79q6j4pq_nrtq2qp7j06h0000gn/T/rust_mozprofileaeE2PQ"
console.warn: SearchSettings: "get: No settings file exists, new profile?" (new Error("", "(unknown module)"))
1609663284792	Marionette	INFO	Listening on port 63273
1609663284916	Marionette	WARN	TLS certificate errors will be ignored for this session
1609663290626	Marionette	INFO	Stopped listening on port 63273

###!!! [Parent][RunMessage] Error: Channel closing: too late to send/recv, messages will be lost

1609664691035	mozrunner::runner	INFO	Running command: "/Applications/Firefox.app/Contents/MacOS/firefox-bin" "-marionette" "-foreground" "-no-remote" "-profile" "/var/folders/1f/7zs79q6j4pq_nrtq2qp7j06h0000gn/T/rust_mozprofilelurn01"
console.warn: SearchSettings: "get: No settings file exists, new profile?" (new Error("", "(unknown module)"))
1609664700546	Marionette	INFO	Listening on port 64016
1609664700675	Marionette	WARN	TLS certificate errors will be ignored for this session
1609664706832	Marionette	INFO	Stopped listening on port 64016

###!!! [Parent][RunMessage] Error: Channel closing: too late to send/recv, messages will be lost

1609664737275	mozrunner::runner	INFO	Running command: "/Applications/Firefox.app/Contents/MacOS/firefox-bin" "-marionette" "-foreground" "-no-remote" "-profile" "/var/folders/1f/7zs79q6j4pq_nrtq2qp7j06h0000gn/T/rust_mozprofile79dk1x"
console.warn: SearchSettings: "get: No settings file exists, new profile?" (new Error("", "(unknown module)"))
1609664745670	Marionette	INFO	Listening on port 64239
1609664745808	Marionette	WARN	TLS certificate errors will be ignored for this session
1609664756284	Marionette	INFO	Stopped listening on port 64239

###!!! [Parent][MessageChannel] Error: (msgtype=0x1F0011,name=PBackgroundStorage::Msg_Observe) Channel error: cannot send/recv


###!!! [Parent][MessageChannel] Error: (msgtype=0x1F0011,name=PBackgroundStorage::Msg_Observe) Channel error: cannot send/recv


###!!! [Parent][RunMessage] Error: Channel closing: too late to send/recv, messages will be lost

1609664786450	mozrunner::runner	INFO	Running command: "/Applications/Firefox.app/Contents/MacOS/firefox-bin" "-marionette" "-foreground" "-no-remote" "-profile" "/var/folders/1f/7zs79q6j4pq_nrtq2qp7j06h0000gn/T/rust_mozprofileg2zPHD"
console.warn: SearchSettings: "get: No settings file exists, new profile?" (new Error("", "(unknown module)"))
1609664792154	Marionette	INFO	Listening on port 64412
1609664792214	Marionette	WARN	TLS certificate errors will be ignored for this session
1609664796500	Marionette	INFO	Stopped listening on port 64412
1609682508209	mozrunner::runner	INFO	Running command: "/Applications/Firefox.app/Contents/MacOS/firefox-bin" "-marionette" "-foreground" "-no-remote" "-profile" "/var/folders/1f/7zs79q6j4pq_nrtq2qp7j06h0000gn/T/rust_mozprofilew3Qv5Y"
console.warn: SearchSettings: "get: No settings file exists, new profile?" (new Error("", "(unknown module)"))
1609682518442	Marionette	INFO	Listening on port 57469
1609682518568	Marionette	WARN	TLS certificate errors will be ignored for this session
1609682526285	Marionette	INFO	Stopped listening on port 57469

###!!! [Parent][RunMessage] Error: Channel closing: too late to send/recv, messages will be lost

1609682879602	mozrunner::runner	INFO	Running command: "/Applications/Firefox.app/Contents/MacOS/firefox-bin" "-marionette" "-foreground" "-no-remote" "-profile" "/var/folders/1f/7zs79q6j4pq_nrtq2qp7j06h0000gn/T/rust_mozprofileF7R0jU"
console.warn: SearchSettings: "get: No settings file exists, new profile?" (new Error("", "(unknown module)"))
1609682889243	Marionette	INFO	Listening on port 57986
1609682889380	Marionette	WARN	TLS certificate errors will be ignored for this session
1609682896447	Marionette	INFO	Stopped listening on port 57986

###!!! [Parent][RunMessage] Error: Channel closing: too late to send/recv, messages will be lost

1609682975775	mozrunner::runner	INFO	Running command: "/Applications/Firefox.app/Contents/MacOS/firefox-bin" "-marionette" "-foreground" "-no-remote" "-profile" "/var/folders/1f/7zs79q6j4pq_nrtq2qp7j06h0000gn/T/rust_mozprofilefoqluA"
console.warn: SearchSettings: "get: No settings file exists, new profile?" (new Error("", "(unknown module)"))
1609682981371	Marionette	INFO	Listening on port 58242
1609682981431	Marionette	WARN	TLS certificate errors will be ignored for this session
1609682988036	Marionette	INFO	Stopped listening on port 58242

###!!! [Parent][RunMessage] Error: Channel closing: too late to send/recv, messages will be lost

1609684703511	mozrunner::runner	INFO	Running command: "/Applications/Firefox.app/Contents/MacOS/firefox-bin" "-marionette" "-foreground" "-no-remote" "-profile" "/var/folders/1f/7zs79q6j4pq_nrtq2qp7j06h0000gn/T/rust_mozprofileEgssU4"
console.warn: SearchSettings: "get: No settings file exists, new profile?" (new Error("", "(unknown module)"))
1609684770256	Marionette	INFO	Listening on port 59703
1609684808615	mozrunner::runner	INFO	Running command: "/Applications/Firefox.app/Contents/MacOS/firefox-bin" "-marionette" "-foreground" "-no-remote" "-profile" "/var/folders/1f/7zs79q6j4pq_nrtq2qp7j06h0000gn/T/rust_mozprofileTE7sah"
console.warn: SearchSettings: "get: No settings file exists, new profile?" (new Error("", "(unknown module)"))
1609684826624	Marionette	INFO	Listening on port 59997
1609684827159	Marionette	WARN	TLS certificate errors will be ignored for this session
1609684847064	Marionette	INFO	Stopped listening on port 59997

###!!! [Parent][RunMessage] Error: Channel closing: too late to send/recv, messages will be lost

JavaScript error: chrome://browser/content/places/browserPlacesViews.js, line 131: Error: No DOM node set for aPlacesNode.
node.type: 0. node.parent: [xpconnect wrapped nsINavHistoryResultNode]
JavaScript error: chrome://browser/content/places/browserPlacesViews.js, line 131: Error: No DOM node set for aPlacesNode.
node.type: 0. node.parent: [xpconnect wrapped nsINavHistoryResultNode]
JavaScript error: chrome://browser/content/places/browserPlacesViews.js, line 131: Error: No DOM node set for aPlacesNode.
node.type: 0. node.parent: [xpconnect wrapped nsINavHistoryResultNode]
1609692729026	Marionette	INFO	Stopped listening on port 59703

###!!! [Parent][RunMessage] Error: Channel closing: too late to send/recv, messages will be lost

1609960826831	mozrunner::runner	INFO	Running command: "/Applications/Firefox.app/Contents/MacOS/firefox-bin" "-marionette" "-foreground" "-no-remote" "-profile" "/var/folders/1f/7zs79q6j4pq_nrtq2qp7j06h0000gn/T/rust_mozprofilejGwi5e"
console.warn: SearchSettings: "get: No settings file exists, new profile?" (new Error("", "(unknown module)"))
1609960837656	Marionette	INFO	Listening on port 56467
1609960837804	Marionette	WARN	TLS certificate errors will be ignored for this session
1609960843254	Marionette	INFO	Stopped listening on port 56467

###!!! [Parent][RunMessage] Error: Channel closing: too late to send/recv, messages will be lost

1609961343404	mozrunner::runner	INFO	Running command: "/Applications/Firefox.app/Contents/MacOS/firefox-bin" "-marionette" "-foreground" "-no-remote" "-profile" "/var/folders/1f/7zs79q6j4pq_nrtq2qp7j06h0000gn/T/rust_mozprofileM1PIdu"
console.warn: SearchSettings: "get: No settings file exists, new profile?" (new Error("", "(unknown module)"))
1609961352109	Marionette	INFO	Listening on port 56938
1609961352208	Marionette	WARN	TLS certificate errors will be ignored for this session
1609961357622	Marionette	INFO	Stopped listening on port 56938

###!!! [Parent][RunMessage] Error: Channel closing: too late to send/recv, messages will be lost

1609961530941	mozrunner::runner	INFO	Running command: "/Applications/Firefox.app/Contents/MacOS/firefox-bin" "-marionette" "-foreground" "-no-remote" "-profile" "/var/folders/1f/7zs79q6j4pq_nrtq2qp7j06h0000gn/T/rust_mozprofile1Kk17j"
console.warn: SearchSettings: "get: No settings file exists, new profile?" (new Error("", "(unknown module)"))
1609961539905	Marionette	INFO	Listening on port 57292
1609961540055	Marionette	WARN	TLS certificate errors will be ignored for this session
1609961545539	Marionette	INFO	Stopped listening on port 57292

###!!! [Parent][RunMessage] Error: Channel closing: too late to send/recv, messages will be lost

1609962002904	mozrunner::runner	INFO	Running command: "/Applications/Firefox.app/Contents/MacOS/firefox-bin" "-marionette" "-foreground" "-no-remote" "-profile" "/var/folders/1f/7zs79q6j4pq_nrtq2qp7j06h0000gn/T/rust_mozprofileMEFLlc"
console.warn: SearchSettings: "get: No settings file exists, new profile?" (new Error("", "(unknown module)"))
1609962012731	Marionette	INFO	Listening on port 57674
1609962012926	Marionette	WARN	TLS certificate errors will be ignored for this session
1609962018406	Marionette	INFO	Stopped listening on port 57674

###!!! [Parent][RunMessage] Error: Channel closing: too late to send/recv, messages will be lost

1609962213284	mozrunner::runner	INFO	Running command: "/Applications/Firefox.app/Contents/MacOS/firefox-bin" "-marionette" "-foreground" "-no-remote" "-profile" "/var/folders/1f/7zs79q6j4pq_nrtq2qp7j06h0000gn/T/rust_mozprofileXujNax"
console.warn: SearchSettings: "get: No settings file exists, new profile?" (new Error("", "(unknown module)"))
1609962221740	Marionette	INFO	Listening on port 57917
1609962221836	Marionette	WARN	TLS certificate errors will be ignored for this session
1609962256808	Marionette	INFO	Stopped listening on port 57917

###!!! [Parent][RunMessage] Error: Channel closing: too late to send/recv, messages will be lost

1609963285249	mozrunner::runner	INFO	Running command: "/Applications/Firefox.app/Contents/MacOS/firefox-bin" "-marionette" "-foreground" "-no-remote" "-profile" "/var/folders/1f/7zs79q6j4pq_nrtq2qp7j06h0000gn/T/rust_mozprofileWiYVRW"
console.warn: SearchSettings: "get: No settings file exists, new profile?" (new Error("", "(unknown module)"))
1609963294180	Marionette	INFO	Listening on port 58657
1609963294290	Marionette	WARN	TLS certificate errors will be ignored for this session
1609963299919	Marionette	INFO	Stopped listening on port 58657

###!!! [Parent][RunMessage] Error: Channel closing: too late to send/recv, messages will be lost

1609964505194	mozrunner::runner	INFO	Running command: "/Applications/Firefox.app/Contents/MacOS/firefox-bin" "-marionette" "-foreground" "-no-remote" "-profile" "/var/folders/1f/7zs79q6j4pq_nrtq2qp7j06h0000gn/T/rust_mozprofileWuLicD"
console.warn: SearchSettings: "get: No settings file exists, new profile?" (new Error("", "(unknown module)"))
1609964514324	Marionette	INFO	Listening on port 59272
1609964514476	Marionette	WARN	TLS certificate errors will be ignored for this session
1609964526843	Marionette	INFO	Stopped listening on port 59272

###!!! [Parent][RunMessage] Error: Channel closing: too late to send/recv, messages will be lost

1609965196400	mozrunner::runner	INFO	Running command: "/Applications/Firefox.app/Contents/MacOS/firefox-bin" "-marionette" "-headless" "-foreground" "-no-remote" "-profile" "/var/folders/1f/7zs79q6j4pq_nrtq2qp7j06h0000gn/T/rust_mozprofileZBlfvO"
*** You are running in headless mode.
console.warn: SearchSettings: "get: No settings file exists, new profile?" (new Error("", "(unknown module)"))
1609965205476	Marionette	INFO	Listening on port 59972
1609965205625	Marionette	WARN	TLS certificate errors will be ignored for this session
1609965223420	Marionette	INFO	Stopped listening on port 59972

###!!! [Parent][RunMessage] Error: Channel closing: too late to send/recv, messages will be lost

1609966091784	mozrunner::runner	INFO	Running command: "/Applications/Firefox.app/Contents/MacOS/firefox-bin" "-marionette" "-headless" "-foreground" "-no-remote" "-profile" "/var/folders/1f/7zs79q6j4pq_nrtq2qp7j06h0000gn/T/rust_mozprofilepAD3fk"
*** You are running in headless mode.
console.warn: SearchSettings: "get: No settings file exists, new profile?" (new Error("", "(unknown module)"))
1609966099534	Marionette	INFO	Listening on port 60583
1609966099692	Marionette	WARN	TLS certificate errors will be ignored for this session
1609966105158	Marionette	INFO	Stopped listening on port 60583

###!!! [Parent][RunMessage] Error: Channel closing: too late to send/recv, messages will be lost

1609969828231	mozrunner::runner	INFO	Running command: "/Applications/Firefox.app/Contents/MacOS/firefox-bin" "-marionette" "-headless" "--window-size=1920x1080" "-foreground" "-no-remote" "-profile" "/var/folders/1f/7zs79q6j4pq_nrtq2qp7j06h0000gn/T/rust_mozprofileffmUzk"
*** You are running in headless mode.
console.warn: SearchSettings: "get: No settings file exists, new profile?" (new Error("", "(unknown module)"))
1609969837414	Marionette	INFO	Listening on port 63744
1609969837497	Marionette	WARN	TLS certificate errors will be ignored for this session
1609969841849	Marionette	INFO	Stopped listening on port 63744

###!!! [Parent][RunMessage] Error: Channel closing: too late to send/recv, messages will be lost

1610006292485	mozrunner::runner	INFO	Running command: "/Applications/Firefox.app/Contents/MacOS/firefox-bin" "-marionette" "-headless" "--window-size=1920x1080" "-foreground" "-no-remote" "-profile" "/var/folders/1f/7zs79q6j4pq_nrtq2qp7j06h0000gn/T/rust_mozprofileThkZq7"
*** You are running in headless mode.
console.warn: SearchSettings: "get: No settings file exists, new profile?" (new Error("", "(unknown module)"))
1610006301622	Marionette	INFO	Listening on port 52647
1610006301729	Marionette	WARN	TLS certificate errors will be ignored for this session
1610006317943	Marionette	INFO	Stopped listening on port 52647

###!!! [Parent][RunMessage] Error: Channel closing: too late to send/recv, messages will be lost

1610006335586	mozrunner::runner	INFO	Running command: "/Applications/Firefox.app/Contents/MacOS/firefox-bin" "-marionette" "-headless" "--window-size=1920x1080" "-foreground" "-no-remote" "-profile" "/var/folders/1f/7zs79q6j4pq_nrtq2qp7j06h0000gn/T/rust_mozprofileU1Xi0V"
*** You are running in headless mode.
console.warn: SearchSettings: "get: No settings file exists, new profile?" (new Error("", "(unknown module)"))
1610006340382	Marionette	INFO	Listening on port 52865
1610006340495	Marionette	WARN	TLS certificate errors will be ignored for this session
1610006344357	Marionette	INFO	Stopped listening on port 52865
1610006401504	mozrunner::runner	INFO	Running command: "/Applications/Firefox.app/Contents/MacOS/firefox-bin" "-marionette" "-headless" "--window-size=1920x1080" "-foreground" "-no-remote" "-profile" "/var/folders/1f/7zs79q6j4pq_nrtq2qp7j06h0000gn/T/rust_mozprofile7g8rKw"
*** You are running in headless mode.
console.warn: SearchSettings: "get: No settings file exists, new profile?" (new Error("", "(unknown module)"))
1610006405497	Marionette	INFO	Listening on port 53041
1610006405618	Marionette	WARN	TLS certificate errors will be ignored for this session
1610006409321	Marionette	INFO	Stopped listening on port 53041

###!!! [Parent][RunMessage] Error: Channel closing: too late to send/recv, messages will be lost

1610006431801	mozrunner::runner	INFO	Running command: "/Applications/Firefox.app/Contents/MacOS/firefox-bin" "-marionette" "-headless" "-foreground" "-no-remote" "-profile" "/var/folders/1f/7zs79q6j4pq_nrtq2qp7j06h0000gn/T/rust_mozprofileu4NJ2M"
*** You are running in headless mode.
console.warn: SearchSettings: "get: No settings file exists, new profile?" (new Error("", "(unknown module)"))
1610006435700	Marionette	INFO	Listening on port 53210
1610006435810	Marionette	WARN	TLS certificate errors will be ignored for this session
1610006439434	Marionette	INFO	Stopped listening on port 53210
1610006489826	mozrunner::runner	INFO	Running command: "/Applications/Firefox.app/Contents/MacOS/firefox-bin" "-marionette" "-headless" "-foreground" "-no-remote" "-profile" "/var/folders/1f/7zs79q6j4pq_nrtq2qp7j06h0000gn/T/rust_mozprofilehqBKfq"
*** You are running in headless mode.
console.warn: SearchSettings: "get: No settings file exists, new profile?" (new Error("", "(unknown module)"))
1610006493515	Marionette	INFO	Listening on port 53356
1610006493639	Marionette	WARN	TLS certificate errors will be ignored for this session
1610006497787	Marionette	INFO	Stopped listening on port 53356
1610006558274	mozrunner::runner	INFO	Running command: "/Applications/Firefox.app/Contents/MacOS/firefox-bin" "-marionette" "-foreground" "-no-remote" "-profile" "/var/folders/1f/7zs79q6j4pq_nrtq2qp7j06h0000gn/T/rust_mozprofilewkHlWX"
console.warn: SearchSettings: "get: No settings file exists, new profile?" (new Error("", "(unknown module)"))
1610006567632	Marionette	INFO	Listening on port 53518
1610006567732	Marionette	WARN	TLS certificate errors will be ignored for this session
JavaScript error: https://cdn.jsdelivr.net/npm/bootstrap@4.5.3/dist/js/bootstrap.bundle.min.js, line 6: TypeError: Bootstrap's JavaScript requires jQuery. jQuery must be included before Bootstrap's JavaScript.
1610006663530	Marionette	INFO	Stopped listening on port 53518

###!!! [Parent][RunMessage] Error: Channel closing: too late to send/recv, messages will be lost

1610006683116	mozrunner::runner	INFO	Running command: "/Applications/Firefox.app/Contents/MacOS/firefox-bin" "-marionette" "-foreground" "-no-remote" "-profile" "/var/folders/1f/7zs79q6j4pq_nrtq2qp7j06h0000gn/T/rust_mozprofilewbP3Ua"
console.warn: SearchSettings: "get: No settings file exists, new profile?" (new Error("", "(unknown module)"))
1610006690049	Marionette	INFO	Listening on port 53783
1610006690139	Marionette	WARN	TLS certificate errors will be ignored for this session
1610006694739	Marionette	INFO	Stopped listening on port 53783

###!!! [Parent][RunMessage] Error: Channel closing: too late to send/recv, messages will be lost

1610007651767	mozrunner::runner	INFO	Running command: "/Applications/Firefox.app/Contents/MacOS/firefox-bin" "-marionette" "-foreground" "-no-remote" "-profile" "/var/folders/1f/7zs79q6j4pq_nrtq2qp7j06h0000gn/T/rust_mozprofileDcBaLM"
console.warn: SearchSettings: "get: No settings file exists, new profile?" (new Error("", "(unknown module)"))
1610007661216	Marionette	INFO	Listening on port 54574
1610007661354	Marionette	WARN	TLS certificate errors will be ignored for this session
1610007669023	Marionette	INFO	Stopped listening on port 54574

###!!! [Parent][RunMessage] Error: Channel closing: too late to send/recv, messages will be lost

1610009073729	mozrunner::runner	INFO	Running command: "/Applications/Firefox.app/Contents/MacOS/firefox-bin" "-marionette" "-foreground" "-no-remote" "-profile" "/var/folders/1f/7zs79q6j4pq_nrtq2qp7j06h0000gn/T/rust_mozprofile8167FB"
console.warn: SearchSettings: "get: No settings file exists, new profile?" (new Error("", "(unknown module)"))
1610009083637	Marionette	INFO	Listening on port 55259
1610009083730	Marionette	WARN	TLS certificate errors will be ignored for this session
1610009090961	Marionette	INFO	Stopped listening on port 55259

###!!! [Parent][RunMessage] Error: Channel closing: too late to send/recv, messages will be lost

1610009559574	mozrunner::runner	INFO	Running command: "/Applications/Firefox.app/Contents/MacOS/firefox-bin" "-marionette" "-foreground" "-no-remote" "-profile" "/var/folders/1f/7zs79q6j4pq_nrtq2qp7j06h0000gn/T/rust_mozprofilexmqsGA"
console.warn: SearchSettings: "get: No settings file exists, new profile?" (new Error("", "(unknown module)"))
1610009568575	Marionette	INFO	Listening on port 55729
1610009568958	Marionette	WARN	TLS certificate errors will be ignored for this session
1610009577727	Marionette	INFO	Stopped listening on port 55729

###!!! [Parent][RunMessage] Error: Channel closing: too late to send/recv, messages will be lost

1610009634478	mozrunner::runner	INFO	Running command: "/Applications/Firefox.app/Contents/MacOS/firefox-bin" "-marionette" "-foreground" "-no-remote" "-profile" "/var/folders/1f/7zs79q6j4pq_nrtq2qp7j06h0000gn/T/rust_mozprofileyVt655"
console.warn: SearchSettings: "get: No settings file exists, new profile?" (new Error("", "(unknown module)"))
1610009645082	Marionette	INFO	Listening on port 55943
1610009645202	Marionette	WARN	TLS certificate errors will be ignored for this session
1610009652853	Marionette	INFO	Stopped listening on port 55943

###!!! [Parent][RunMessage] Error: Channel closing: too late to send/recv, messages will be lost

1610009718181	mozrunner::runner	INFO	Running command: "/Applications/Firefox.app/Contents/MacOS/firefox-bin" "-marionette" "-foreground" "-no-remote" "-profile" "/var/folders/1f/7zs79q6j4pq_nrtq2qp7j06h0000gn/T/rust_mozprofilee4jxNq"
console.warn: SearchSettings: "get: No settings file exists, new profile?" (new Error("", "(unknown module)"))
1610009727884	Marionette	INFO	Listening on port 56181
1610009728007	Marionette	WARN	TLS certificate errors will be ignored for this session
1610009735776	Marionette	INFO	Stopped listening on port 56181

###!!! [Parent][RunMessage] Error: Channel closing: too late to send/recv, messages will be lost

1610009761383	mozrunner::runner	INFO	Running command: "/Applications/Firefox.app/Contents/MacOS/firefox-bin" "-marionette" "-foreground" "-no-remote" "-profile" "/var/folders/1f/7zs79q6j4pq_nrtq2qp7j06h0000gn/T/rust_mozprofileTevpo7"
console.warn: SearchSettings: "get: No settings file exists, new profile?" (new Error("", "(unknown module)"))
1610009769621	Marionette	INFO	Listening on port 56371
1610009769776	Marionette	WARN	TLS certificate errors will be ignored for this session
1610009776733	Marionette	INFO	Stopped listening on port 56371

###!!! [Parent][RunMessage] Error: Channel closing: too late to send/recv, messages will be lost

1610012070705	mozrunner::runner	INFO	Running command: "/Applications/Firefox.app/Contents/MacOS/firefox-bin" "-marionette" "-foreground" "-no-remote" "-profile" "/var/folders/1f/7zs79q6j4pq_nrtq2qp7j06h0000gn/T/rust_mozprofilel5m4Uy"
console.warn: SearchSettings: "get: No settings file exists, new profile?" (new Error("", "(unknown module)"))
1610012078799	Marionette	INFO	Listening on port 57885
1610012078879	Marionette	WARN	TLS certificate errors will be ignored for this session
1610012744648	mozrunner::runner	INFO	Running command: "/Applications/Firefox.app/Contents/MacOS/firefox-bin" "-marionette" "-foreground" "-no-remote" "-profile" "/var/folders/1f/7zs79q6j4pq_nrtq2qp7j06h0000gn/T/rust_mozprofileWtzdg3"
console.warn: SearchSettings: "get: No settings file exists, new profile?" (new Error("", "(unknown module)"))
1610012751527	Marionette	INFO	Listening on port 58376
1610012751623	Marionette	WARN	TLS certificate errors will be ignored for this session
1610012757914	Marionette	INFO	Stopped listening on port 58376

###!!! [Parent][RunMessage] Error: Channel closing: too late to send/recv, messages will be lost

1610012945283	mozrunner::runner	INFO	Running command: "/Applications/Firefox.app/Contents/MacOS/firefox-bin" "-marionette" "-foreground" "-no-remote" "-profile" "/var/folders/1f/7zs79q6j4pq_nrtq2qp7j06h0000gn/T/rust_mozprofile5yiIEE"
console.warn: SearchSettings: "get: No settings file exists, new profile?" (new Error("", "(unknown module)"))
1610012951773	Marionette	INFO	Listening on port 58636
1610012951874	Marionette	WARN	TLS certificate errors will be ignored for this session
1610012956260	Marionette	INFO	Stopped listening on port 58636
1610012980438	mozrunner::runner	INFO	Running command: "/Applications/Firefox.app/Contents/MacOS/firefox-bin" "-marionette" "-foreground" "-no-remote" "-profile" "/var/folders/1f/7zs79q6j4pq_nrtq2qp7j06h0000gn/T/rust_mozprofile1BaC1Q"
console.warn: SearchSettings: "get: No settings file exists, new profile?" (new Error("", "(unknown module)"))
1610012984946	Marionette	INFO	Listening on port 58792
1610012985015	Marionette	WARN	TLS certificate errors will be ignored for this session
1610012988943	Marionette	INFO	Stopped listening on port 58792

###!!! [Parent][RunMessage] Error: Channel closing: too late to send/recv, messages will be lost

1610013006059	mozrunner::runner	INFO	Running command: "/Applications/Firefox.app/Contents/MacOS/firefox-bin" "-marionette" "-foreground" "-no-remote" "-profile" "/var/folders/1f/7zs79q6j4pq_nrtq2qp7j06h0000gn/T/rust_mozprofileDWqsil"
console.warn: SearchSettings: "get: No settings file exists, new profile?" (new Error("", "(unknown module)"))
1610013009626	Marionette	INFO	Listening on port 58994
1610013009704	Marionette	WARN	TLS certificate errors will be ignored for this session
1610013013721	Marionette	INFO	Stopped listening on port 58994

###!!! [Parent][MessageChannel] Error: (msgtype=0x1F0011,name=PBackgroundStorage::Msg_Observe) Channel error: cannot send/recv


###!!! [Parent][MessageChannel] Error: (msgtype=0x1F0011,name=PBackgroundStorage::Msg_Observe) Channel error: cannot send/recv


###!!! [Parent][RunMessage] Error: Channel closing: too late to send/recv, messages will be lost

1610013026283	mozrunner::runner	INFO	Running command: "/Applications/Firefox.app/Contents/MacOS/firefox-bin" "-marionette" "-foreground" "-no-remote" "-profile" "/var/folders/1f/7zs79q6j4pq_nrtq2qp7j06h0000gn/T/rust_mozprofileXFBl5V"
console.warn: SearchSettings: "get: No settings file exists, new profile?" (new Error("", "(unknown module)"))
1610013029882	Marionette	INFO	Listening on port 59154
1610013030005	Marionette	WARN	TLS certificate errors will be ignored for this session
1610013034003	Marionette	INFO	Stopped listening on port 59154
1610013052237	mozrunner::runner	INFO	Running command: "/Applications/Firefox.app/Contents/MacOS/firefox-bin" "-marionette" "-foreground" "-no-remote" "-profile" "/var/folders/1f/7zs79q6j4pq_nrtq2qp7j06h0000gn/T/rust_mozprofilefWs0dM"
console.warn: SearchSettings: "get: No settings file exists, new profile?" (new Error("", "(unknown module)"))
1610013056060	Marionette	INFO	Listening on port 59278
1610013056155	Marionette	WARN	TLS certificate errors will be ignored for this session
1610013059905	Marionette	INFO	Stopped listening on port 59278

###!!! [Parent][RunMessage] Error: Channel closing: too late to send/recv, messages will be lost

1610013146640	mozrunner::runner	INFO	Running command: "/Applications/Firefox.app/Contents/MacOS/firefox-bin" "-marionette" "-headless" "-foreground" "-no-remote" "-profile" "/var/folders/1f/7zs79q6j4pq_nrtq2qp7j06h0000gn/T/rust_mozprofilerARNxM"
*** You are running in headless mode.
console.warn: SearchSettings: "get: No settings file exists, new profile?" (new Error("", "(unknown module)"))
1610013151120	Marionette	INFO	Listening on port 59441
1610013151251	Marionette	WARN	TLS certificate errors will be ignored for this session
1610013184410	Marionette	INFO	Stopped listening on port 59441

###!!! [Parent][MessageChannel] Error: (msgtype=0x1F0011,name=PBackgroundStorage::Msg_Observe) Channel error: cannot send/recv


###!!! [Parent][MessageChannel] Error: (msgtype=0x1F0011,name=PBackgroundStorage::Msg_Observe) Channel error: cannot send/recv

1610013383398	mozrunner::runner	INFO	Running command: "/Applications/Firefox.app/Contents/MacOS/firefox-bin" "-marionette" "-foreground" "-no-remote" "-profile" "/var/folders/1f/7zs79q6j4pq_nrtq2qp7j06h0000gn/T/rust_mozprofilexssJTE"
console.warn: SearchSettings: "get: No settings file exists, new profile?" (new Error("", "(unknown module)"))
1610013388724	Marionette	INFO	Listening on port 59705
1610013388842	Marionette	WARN	TLS certificate errors will be ignored for this session
1610013393121	Marionette	INFO	Stopped listening on port 59705

###!!! [Parent][RunMessage] Error: Channel closing: too late to send/recv, messages will be lost

1610018845388	mozrunner::runner	INFO	Running command: "/Applications/Firefox.app/Contents/MacOS/firefox-bin" "-marionette" "-headless" "-foreground" "-no-remote" "-profile" "/var/folders/1f/7zs79q6j4pq_nrtq2qp7j06h0000gn/T/rust_mozprofileu14ATp"
*** You are running in headless mode.
console.warn: SearchSettings: "get: No settings file exists, new profile?" (new Error("", "(unknown module)"))
1610018853889	Marionette	INFO	Listening on port 61263
1610018854008	Marionette	WARN	TLS certificate errors will be ignored for this session
1610018859010	Marionette	INFO	Stopped listening on port 61263

###!!! [Parent][RunMessage] Error: Channel closing: too late to send/recv, messages will be lost

1610018974427	mozrunner::runner	INFO	Running command: "/Applications/Firefox.app/Contents/MacOS/firefox-bin" "-marionette" "-foreground" "-no-remote" "-profile" "/var/folders/1f/7zs79q6j4pq_nrtq2qp7j06h0000gn/T/rust_mozprofilebJknJc"
console.warn: SearchSettings: "get: No settings file exists, new profile?" (new Error("", "(unknown module)"))
1610018981997	Marionette	INFO	Listening on port 61502
1610018982118	Marionette	WARN	TLS certificate errors will be ignored for this session
1610018987429	Marionette	INFO	Stopped listening on port 61502

###!!! [Parent][RunMessage] Error: Channel closing: too late to send/recv, messages will be lost

1610019009801	mozrunner::runner	INFO	Running command: "/Applications/Firefox.app/Contents/MacOS/firefox-bin" "-marionette" "-headless" "-foreground" "-no-remote" "-profile" "/var/folders/1f/7zs79q6j4pq_nrtq2qp7j06h0000gn/T/rust_mozprofile3i5oHx"
*** You are running in headless mode.
console.warn: SearchSettings: "get: No settings file exists, new profile?" (new Error("", "(unknown module)"))
1610019013569	Marionette	INFO	Listening on port 61666
1610019013625	Marionette	WARN	TLS certificate errors will be ignored for this session
1610019017467	Marionette	INFO	Stopped listening on port 61666
1610019050487	mozrunner::runner	INFO	Running command: "/Applications/Firefox.app/Contents/MacOS/firefox-bin" "-marionette" "-foreground" "-no-remote" "-profile" "/var/folders/1f/7zs79q6j4pq_nrtq2qp7j06h0000gn/T/rust_mozprofileLnqsUJ"
console.warn: SearchSettings: "get: No settings file exists, new profile?" (new Error("", "(unknown module)"))
1610019054472	Marionette	INFO	Listening on port 61826
1610019054525	Marionette	WARN	TLS certificate errors will be ignored for this session
1610019058632	Marionette	INFO	Stopped listening on port 61826

###!!! [Parent][RunMessage] Error: Channel closing: too late to send/recv, messages will be lost

1610020239201	mozrunner::runner	INFO	Running command: "/Applications/Firefox.app/Contents/MacOS/firefox-bin" "-marionette" "-foreground" "-no-remote" "-profile" "/var/folders/1f/7zs79q6j4pq_nrtq2qp7j06h0000gn/T/rust_mozprofile4vOoVl"
console.warn: SearchSettings: "get: No settings file exists, new profile?" (new Error("", "(unknown module)"))
1610020246526	Marionette	INFO	Listening on port 62418
1610020246590	Marionette	WARN	TLS certificate errors will be ignored for this session
1610020252121	Marionette	INFO	Stopped listening on port 62418

###!!! [Parent][RunMessage] Error: Channel closing: too late to send/recv, messages will be lost

1610224185981	mozrunner::runner	INFO	Running command: "/Applications/Firefox.app/Contents/MacOS/firefox-bin" "-marionette" "-foreground" "-no-remote" "-profile" "/var/folders/1f/7zs79q6j4pq_nrtq2qp7j06h0000gn/T/rust_mozprofileevVUfz"
console.warn: SearchSettings: "get: No settings file exists, new profile?" (new Error("", "(unknown module)"))
1610224196427	Marionette	INFO	Listening on port 61643
1610224196540	Marionette	WARN	TLS certificate errors will be ignored for this session
1610224202218	Marionette	INFO	Stopped listening on port 61643

###!!! [Parent][RunMessage] Error: Channel closing: too late to send/recv, messages will be lost

1610266300625	mozrunner::runner	INFO	Running command: "/Applications/Firefox.app/Contents/MacOS/firefox-bin" "-marionette" "-foreground" "-no-remote" "-profile" "/var/folders/1f/7zs79q6j4pq_nrtq2qp7j06h0000gn/T/rust_mozprofileab69mJ"
console.warn: SearchSettings: "get: No settings file exists, new profile?" (new Error("", "(unknown module)"))
1610266310976	Marionette	INFO	Listening on port 50379
1610266311115	Marionette	WARN	TLS certificate errors will be ignored for this session
1610266322717	Marionette	INFO	Stopped listening on port 50379

###!!! [Parent][RunMessage] Error: Channel closing: too late to send/recv, messages will be lost

1610267258235	mozrunner::runner	INFO	Running command: "/Applications/Firefox.app/Contents/MacOS/firefox-bin" "-marionette" "-foreground" "-no-remote" "-profile" "/var/folders/1f/7zs79q6j4pq_nrtq2qp7j06h0000gn/T/rust_mozprofileX0JbHf"
console.warn: SearchSettings: "get: No settings file exists, new profile?" (new Error("", "(unknown module)"))
1610267267457	Marionette	INFO	Listening on port 51382
1610267267609	Marionette	WARN	TLS certificate errors will be ignored for this session
1610267272914	Marionette	INFO	Stopped listening on port 51382

###!!! [Parent][RunMessage] Error: Channel closing: too late to send/recv, messages will be lost

1610267303469	mozrunner::runner	INFO	Running command: "/Applications/Firefox.app/Contents/MacOS/firefox-bin" "-marionette" "-foreground" "-no-remote" "-profile" "/var/folders/1f/7zs79q6j4pq_nrtq2qp7j06h0000gn/T/rust_mozprofile6oT1j1"
console.warn: SearchSettings: "get: No settings file exists, new profile?" (new Error("", "(unknown module)"))
1610267307481	Marionette	INFO	Listening on port 51575
1610267307627	Marionette	WARN	TLS certificate errors will be ignored for this session
1610267311905	Marionette	INFO	Stopped listening on port 51575
1610299122458	mozrunner::runner	INFO	Running command: "/Applications/Firefox.app/Contents/MacOS/firefox-bin" "-marionette" "-foreground" "-no-remote" "-profile" "/var/folders/1f/7zs79q6j4pq_nrtq2qp7j06h0000gn/T/rust_mozprofileZsJZV6"
console.warn: SearchSettings: "get: No settings file exists, new profile?" (new Error("", "(unknown module)"))
1610299132221	Marionette	INFO	Listening on port 59538
1610299132326	Marionette	WARN	TLS certificate errors will be ignored for this session
1610299139682	Marionette	INFO	Stopped listening on port 59538

###!!! [Parent][RunMessage] Error: Channel closing: too late to send/recv, messages will be lost

1610306229389	mozrunner::runner	INFO	Running command: "/Applications/Firefox.app/Contents/MacOS/firefox-bin" "-marionette" "-foreground" "-no-remote" "-profile" "/var/folders/1f/7zs79q6j4pq_nrtq2qp7j06h0000gn/T/rust_mozprofileOwx0mk"
console.warn: SearchSettings: "get: No settings file exists, new profile?" (new Error("", "(unknown module)"))
1610306238631	Marionette	INFO	Listening on port 61632
1610306238796	Marionette	WARN	TLS certificate errors will be ignored for this session
1610306245856	Marionette	INFO	Stopped listening on port 61632

###!!! [Parent][RunMessage] Error: Channel closing: too late to send/recv, messages will be lost

1610308812282	mozrunner::runner	INFO	Running command: "/Applications/Firefox.app/Contents/MacOS/firefox-bin" "-marionette" "-foreground" "-no-remote" "-profile" "/var/folders/1f/7zs79q6j4pq_nrtq2qp7j06h0000gn/T/rust_mozprofilew2X3Sz"
console.warn: SearchSettings: "get: No settings file exists, new profile?" (new Error("", "(unknown module)"))
1610308821209	Marionette	INFO	Listening on port 63087
1610308821340	Marionette	WARN	TLS certificate errors will be ignored for this session
1610308826532	Marionette	INFO	Stopped listening on port 63087

###!!! [Parent][RunMessage] Error: Channel closing: too late to send/recv, messages will be lost

1610308877780	mozrunner::runner	INFO	Running command: "/Applications/Firefox.app/Contents/MacOS/firefox-bin" "-marionette" "-foreground" "-no-remote" "-profile" "/var/folders/1f/7zs79q6j4pq_nrtq2qp7j06h0000gn/T/rust_mozprofile2nul60"
console.warn: SearchSettings: "get: No settings file exists, new profile?" (new Error("", "(unknown module)"))
1610308886657	Marionette	INFO	Listening on port 63270
1610308886778	Marionette	WARN	TLS certificate errors will be ignored for this session
1610308891517	Marionette	INFO	Stopped listening on port 63270

###!!! [Parent][RunMessage] Error: Channel closing: too late to send/recv, messages will be lost

1610309375007	mozrunner::runner	INFO	Running command: "/Applications/Firefox.app/Contents/MacOS/firefox-bin" "-marionette" "-foreground" "-no-remote" "-profile" "/var/folders/1f/7zs79q6j4pq_nrtq2qp7j06h0000gn/T/rust_mozprofilelWIfaj"
console.warn: SearchSettings: "get: No settings file exists, new profile?" (new Error("", "(unknown module)"))
1610309383874	Marionette	INFO	Listening on port 63683
1610309383951	Marionette	WARN	TLS certificate errors will be ignored for this session
1610309388474	Marionette	INFO	Stopped listening on port 63683

###!!! [Parent][RunMessage] Error: Channel closing: too late to send/recv, messages will be lost

1610310224639	mozrunner::runner	INFO	Running command: "/Applications/Firefox.app/Contents/MacOS/firefox-bin" "-marionette" "-foreground" "-no-remote" "-profile" "/var/folders/1f/7zs79q6j4pq_nrtq2qp7j06h0000gn/T/rust_mozprofileZEgRHT"
console.warn: SearchSettings: "get: No settings file exists, new profile?" (new Error("", "(unknown module)"))
1610310238523	Marionette	INFO	Listening on port 64996
1610310238738	Marionette	WARN	TLS certificate errors will be ignored for this session
1610310251780	Marionette	INFO	Stopped listening on port 64996

###!!! [Parent][RunMessage] Error: Channel closing: too late to send/recv, messages will be lost

1610310364280	mozrunner::runner	INFO	Running command: "/Applications/Firefox.app/Contents/MacOS/firefox-bin" "-marionette" "-foreground" "-no-remote" "-profile" "/var/folders/1f/7zs79q6j4pq_nrtq2qp7j06h0000gn/T/rust_mozprofilefSWSnX"
console.warn: SearchSettings: "get: No settings file exists, new profile?" (new Error("", "(unknown module)"))
1610310373787	Marionette	INFO	Listening on port 65405
1610310373949	Marionette	WARN	TLS certificate errors will be ignored for this session
1610310379223	Marionette	INFO	Stopped listening on port 65405

###!!! [Parent][RunMessage] Error: Channel closing: too late to send/recv, messages will be lost

1610348310355	mozrunner::runner	INFO	Running command: "/Applications/Firefox.app/Contents/MacOS/firefox-bin" "-marionette" "-foreground" "-no-remote" "-profile" "/var/folders/1f/7zs79q6j4pq_nrtq2qp7j06h0000gn/T/rust_mozprofile3zBoKf"
console.warn: SearchSettings: "get: No settings file exists, new profile?" (new Error("", "(unknown module)"))
1610348320533	Marionette	INFO	Listening on port 52222
1610348320642	Marionette	WARN	TLS certificate errors will be ignored for this session
1610348329438	Marionette	INFO	Stopped listening on port 52222

###!!! [Parent][RunMessage] Error: Channel closing: too late to send/recv, messages will be lost

1610370987326	mozrunner::runner	INFO	Running command: "/Applications/Firefox.app/Contents/MacOS/firefox-bin" "-marionette" "-foreground" "-no-remote" "-profile" "/var/folders/1f/7zs79q6j4pq_nrtq2qp7j06h0000gn/T/rust_mozprofilexttEn6"
console.warn: SearchSettings: "get: No settings file exists, new profile?" (new Error("", "(unknown module)"))
1610370995839	Marionette	INFO	Listening on port 59795
1610370995955	Marionette	WARN	TLS certificate errors will be ignored for this session
1610371001799	Marionette	INFO	Stopped listening on port 59795

###!!! [Parent][RunMessage] Error: Channel closing: too late to send/recv, messages will be lost

1610544992074	mozrunner::runner	INFO	Running command: "/Applications/Firefox.app/Contents/MacOS/firefox-bin" "-marionette" "-foreground" "-no-remote" "-profile" "/var/folders/1f/7zs79q6j4pq_nrtq2qp7j06h0000gn/T/rust_mozprofiledGsVQA"
console.warn: SearchSettings: "get: No settings file exists, new profile?" (new Error("", "(unknown module)"))
1610545002900	Marionette	INFO	Listening on port 55873
1610545003021	Marionette	WARN	TLS certificate errors will be ignored for this session
1610545009419	Marionette	INFO	Stopped listening on port 55873

###!!! [Parent][RunMessage] Error: Channel closing: too late to send/recv, messages will be lost

1610545041834	mozrunner::runner	INFO	Running command: "/Applications/Firefox.app/Contents/MacOS/firefox-bin" "-marionette" "-foreground" "-no-remote" "-profile" "/var/folders/1f/7zs79q6j4pq_nrtq2qp7j06h0000gn/T/rust_mozprofileyMaV2P"
console.warn: SearchSettings: "get: No settings file exists, new profile?" (new Error("", "(unknown module)"))
1610545051275	Marionette	INFO	Listening on port 56137
1610545051464	Marionette	WARN	TLS certificate errors will be ignored for this session
1610545056666	Marionette	INFO	Stopped listening on port 56137

###!!! [Parent][RunMessage] Error: Channel closing: too late to send/recv, messages will be lost

1610550637207	mozrunner::runner	INFO	Running command: "/Applications/Firefox.app/Contents/MacOS/firefox-bin" "-marionette" "-foreground" "-no-remote" "-profile" "/var/folders/1f/7zs79q6j4pq_nrtq2qp7j06h0000gn/T/rust_mozprofilem8bgEA"
console.warn: SearchSettings: "get: No settings file exists, new profile?" (new Error("", "(unknown module)"))
1610550647706	Marionette	INFO	Listening on port 58260
1610550647836	Marionette	WARN	TLS certificate errors will be ignored for this session
1610550653675	Marionette	INFO	Stopped listening on port 58260

###!!! [Parent][RunMessage] Error: Channel closing: too late to send/recv, messages will be lost

1610557318152	mozrunner::runner	INFO	Running command: "/Applications/Firefox.app/Contents/MacOS/firefox-bin" "-marionette" "-foreground" "-no-remote" "-profile" "/var/folders/1f/7zs79q6j4pq_nrtq2qp7j06h0000gn/T/rust_mozprofileTlOAKn"
console.warn: SearchSettings: "get: No settings file exists, new profile?" (new Error("", "(unknown module)"))
1610557327867	Marionette	INFO	Listening on port 61645
1610557327981	Marionette	WARN	TLS certificate errors will be ignored for this session
1610557335036	Marionette	INFO	Stopped listening on port 61645

###!!! [Parent][MessageChannel] Error: (msgtype=0x1F0011,name=PBackgroundStorage::Msg_Observe) Channel error: cannot send/recv


###!!! [Parent][MessageChannel] Error: (msgtype=0x1F0011,name=PBackgroundStorage::Msg_Observe) Channel error: cannot send/recv


###!!! [Parent][RunMessage] Error: Channel closing: too late to send/recv, messages will be lost

1610560943453	mozrunner::runner	INFO	Running command: "/Applications/Firefox.app/Contents/MacOS/firefox-bin" "-marionette" "-foreground" "-no-remote" "-profile" "/var/folders/1f/7zs79q6j4pq_nrtq2qp7j06h0000gn/T/rust_mozprofile4r29mr"
console.warn: SearchSettings: "get: No settings file exists, new profile?" (new Error("", "(unknown module)"))
1610560954035	Marionette	INFO	Listening on port 63029
1610560954106	Marionette	WARN	TLS certificate errors will be ignored for this session
1610560968732	Marionette	INFO	Stopped listening on port 63029

###!!! [Parent][RunMessage] Error: Channel closing: too late to send/recv, messages will be lost

1610593902923	mozrunner::runner	INFO	Running command: "/Applications/Firefox.app/Contents/MacOS/firefox-bin" "-marionette" "-foreground" "-no-remote" "-profile" "/var/folders/1f/7zs79q6j4pq_nrtq2qp7j06h0000gn/T/rust_mozprofileBTlIEY"
console.warn: SearchSettings: "get: No settings file exists, new profile?" (new Error("", "(unknown module)"))
1610593913871	Marionette	INFO	Listening on port 56755
1610593913955	Marionette	WARN	TLS certificate errors will be ignored for this session
1610593920248	Marionette	INFO	Stopped listening on port 56755

###!!! [Parent][RunMessage] Error: Channel closing: too late to send/recv, messages will be lost

1610594068679	mozrunner::runner	INFO	Running command: "/Applications/Firefox.app/Contents/MacOS/firefox-bin" "-marionette" "-foreground" "-no-remote" "-profile" "/var/folders/1f/7zs79q6j4pq_nrtq2qp7j06h0000gn/T/rust_mozprofile9IY2zX"
console.warn: SearchSettings: "get: No settings file exists, new profile?" (new Error("", "(unknown module)"))
1610594077821	Marionette	INFO	Listening on port 57182
1610594078014	Marionette	WARN	TLS certificate errors will be ignored for this session
1610594085027	Marionette	INFO	Stopped listening on port 57182

###!!! [Parent][RunMessage] Error: Channel closing: too late to send/recv, messages will be lost

1610629452911	mozrunner::runner	INFO	Running command: "/Applications/Firefox.app/Contents/MacOS/firefox-bin" "-marionette" "-foreground" "-no-remote" "-profile" "/var/folders/1f/7zs79q6j4pq_nrtq2qp7j06h0000gn/T/rust_mozprofilebn9Z3i"
console.warn: SearchSettings: "get: No settings file exists, new profile?" (new Error("", "(unknown module)"))
1610629464055	Marionette	INFO	Listening on port 54491
1610629464241	Marionette	WARN	TLS certificate errors will be ignored for this session
1610629470312	Marionette	INFO	Stopped listening on port 54491

###!!! [Parent][RunMessage] Error: Channel closing: too late to send/recv, messages will be lost

1610641025778	mozrunner::runner	INFO	Running command: "/Applications/Firefox.app/Contents/MacOS/firefox-bin" "-marionette" "-foreground" "-no-remote" "-profile" "/var/folders/1f/7zs79q6j4pq_nrtq2qp7j06h0000gn/T/rust_mozprofile1ba0a0"
console.warn: SearchSettings: "get: No settings file exists, new profile?" (new Error("", "(unknown module)"))
1610641036168	Marionette	INFO	Listening on port 59643
1610641036288	Marionette	WARN	TLS certificate errors will be ignored for this session
1610641040477	Marionette	INFO	Stopped listening on port 59643

###!!! [Parent][RunMessage] Error: Channel closing: too late to send/recv, messages will be lost

1610641585037	mozrunner::runner	INFO	Running command: "/Applications/Firefox.app/Contents/MacOS/firefox-bin" "-marionette" "-foreground" "-no-remote" "-profile" "/var/folders/1f/7zs79q6j4pq_nrtq2qp7j06h0000gn/T/rust_mozprofile784KBJ"
console.warn: SearchSettings: "get: No settings file exists, new profile?" (new Error("", "(unknown module)"))
1610641595234	Marionette	INFO	Listening on port 60554
1610641595357	Marionette	WARN	TLS certificate errors will be ignored for this session
1610641601074	Marionette	INFO	Stopped listening on port 60554

###!!! [Parent][RunMessage] Error: Channel closing: too late to send/recv, messages will be lost

1610655471702	mozrunner::runner	INFO	Running command: "/Applications/Firefox.app/Contents/MacOS/firefox-bin" "-marionette" "-foreground" "-no-remote" "-profile" "/var/folders/1f/7zs79q6j4pq_nrtq2qp7j06h0000gn/T/rust_mozprofileqzkwz5"
console.warn: SearchSettings: "get: No settings file exists, new profile?" (new Error("", "(unknown module)"))
1610655482718	Marionette	INFO	Listening on port 51925
1610655482841	Marionette	WARN	TLS certificate errors will be ignored for this session
1610655490678	Marionette	INFO	Stopped listening on port 51925

###!!! [Parent][RunMessage] Error: Channel closing: too late to send/recv, messages will be lost

1610655547578	mozrunner::runner	INFO	Running command: "/Applications/Firefox.app/Contents/MacOS/firefox-bin" "-marionette" "-foreground" "-no-remote" "-profile" "/var/folders/1f/7zs79q6j4pq_nrtq2qp7j06h0000gn/T/rust_mozprofilexJMVyR"
console.warn: SearchSettings: "get: No settings file exists, new profile?" (new Error("", "(unknown module)"))
1610655555926	Marionette	INFO	Listening on port 52132
1610655556042	Marionette	WARN	TLS certificate errors will be ignored for this session
1610655560720	Marionette	INFO	Stopped listening on port 52132

###!!! [Parent][RunMessage] Error: Channel closing: too late to send/recv, messages will be lost

1610715561886	mozrunner::runner	INFO	Running command: "/Applications/Firefox.app/Contents/MacOS/firefox-bin" "-marionette" "-foreground" "-no-remote" "-profile" "/var/folders/1f/7zs79q6j4pq_nrtq2qp7j06h0000gn/T/rust_mozprofile9NPPBk"
console.warn: SearchSettings: "get: No settings file exists, new profile?" (new Error("", "(unknown module)"))
1610715573145	Marionette	INFO	Listening on port 53657
1610715573289	Marionette	WARN	TLS certificate errors will be ignored for this session
1610715579621	Marionette	INFO	Stopped listening on port 53657

###!!! [Parent][RunMessage] Error: Channel closing: too late to send/recv, messages will be lost

1610893686392	mozrunner::runner	INFO	Running command: "/Applications/Firefox.app/Contents/MacOS/firefox-bin" "-marionette" "-foreground" "-no-remote" "-profile" "/var/folders/1f/7zs79q6j4pq_nrtq2qp7j06h0000gn/T/rust_mozprofileh5Cypm"
console.warn: SearchSettings: "get: No settings file exists, new profile?" (new Error("", "(unknown module)"))
1610893697900	Marionette	INFO	Listening on port 64113
1610893697995	Marionette	WARN	TLS certificate errors will be ignored for this session
1610893703563	Marionette	INFO	Stopped listening on port 64113

###!!! [Parent][RunMessage] Error: Channel closing: too late to send/recv, messages will be lost

1610899203630	mozrunner::runner	INFO	Running command: "/Applications/Firefox.app/Contents/MacOS/firefox-bin" "-marionette" "-foreground" "-no-remote" "-profile" "/var/folders/1f/7zs79q6j4pq_nrtq2qp7j06h0000gn/T/rust_mozprofileV55Zsh"
console.warn: SearchSettings: "get: No settings file exists, new profile?" (new Error("", "(unknown module)"))
1610899214291	Marionette	INFO	Listening on port 50770
1610899214450	Marionette	WARN	TLS certificate errors will be ignored for this session
1610899222322	Marionette	INFO	Stopped listening on port 50770

###!!! [Parent][RunMessage] Error: Channel closing: too late to send/recv, messages will be lost

1612379314255	mozrunner::runner	INFO	Running command: "/Applications/Firefox.app/Contents/MacOS/firefox-bin" "-marionette" "-foreground" "-no-remote" "-profile" "/var/folders/1f/7zs79q6j4pq_nrtq2qp7j06h0000gn/T/rust_mozprofilebeVN0t"
console.warn: SearchSettings: "get: No settings file exists, new profile?" (new Error("", "(unknown module)"))
1612379331833	Marionette	INFO	Listening on port 62025
1612379331904	Marionette	WARN	TLS certificate errors will be ignored for this session
1612379338025	Marionette	INFO	Stopped listening on port 62025

###!!! [Parent][RunMessage] Error: Channel closing: too late to send/recv, messages will be lost

